[0.027s] Invoking command in '/home/pbk/arduinobot_ws/build/arduinobot_controller': CMAKE_PREFIX_PATH=${CMAKE_PREFIX_PATH}:/home/pbk/arduinobot_ws/install/arduinobot_py_examples:/opt/ros/humble /usr/bin/cmake --build /home/pbk/arduinobot_ws/build/arduinobot_controller -- -j20 -l20
[0.055s] -- Found ament_cmake: 1.3.8 (/opt/ros/humble/share/ament_cmake/cmake)
[0.222s] -- Found hardware_interface: 2.40.0 (/opt/ros/humble/share/hardware_interface/cmake)
[0.401s] -- Found rosidl_generator_c: 3.1.5 (/opt/ros/humble/share/rosidl_generator_c/cmake)
[0.404s] -- Found rosidl_adapter: 3.1.5 (/opt/ros/humble/share/rosidl_adapter/cmake)
[0.414s] -- Found rosidl_generator_cpp: 3.1.5 (/opt/ros/humble/share/rosidl_generator_cpp/cmake)
[0.430s] -- Using all available rosidl_typesupport_c: rosidl_typesupport_fastrtps_c;rosidl_typesupport_introspection_c
[0.454s] -- Using all available rosidl_typesupport_cpp: rosidl_typesupport_fastrtps_cpp;rosidl_typesupport_introspection_cpp
[2.138s] -- Found rmw_implementation_cmake: 6.1.1 (/opt/ros/humble/share/rmw_implementation_cmake/cmake)
[2.143s] -- Found rmw_cyclonedds_cpp: 1.3.4 (/opt/ros/humble/share/rmw_cyclonedds_cpp/cmake)
[2.177s] -- Using RMW implementation 'rmw_cyclonedds_cpp' as default
[2.304s] -- Found PkgConfig: /usr/bin/pkg-config (found version "0.29.2") 
[2.306s] -- Checking for module 'libserial'
[2.317s] --   Found libserial, version 1.0.0
[2.372s] -- Found ament_lint_auto: 0.12.10 (/opt/ros/humble/share/ament_lint_auto/cmake)
[2.444s] -- Added test 'cppcheck' to perform static code analysis on C / C++ code
[2.444s] -- Configured cppcheck include dirs: /home/pbk/arduinobot_ws/src/arduinobot_controller/include;/home/pbk/arduinobot_ws/src/arduinobot_controller/
[2.444s] -- Configured cppcheck exclude dirs and/or files: 
[2.445s] -- Added test 'flake8' to check Python code syntax and style conventions
[2.445s] -- Added test 'lint_cmake' to check CMake code style
[2.446s] -- Added test 'pep257' to check Python code against some of the docstring style conventions in PEP 257
[2.448s] -- Added test 'uncrustify' to check C / C++ code style
[2.448s] -- Configured uncrustify additional arguments: 
[2.448s] -- Added test 'xmllint' to check XML markup files
[2.451s] -- Configuring done
[2.503s] -- Generating done
[2.509s] -- Build files have been written to: /home/pbk/arduinobot_ws/build/arduinobot_controller
[2.536s] [ 50%] [32mBuilding CXX object CMakeFiles/arduinobot_controller.dir/src/arduinobot_interface.cpp.o[0m
[2.572s] [01m[K/home/pbk/arduinobot_ws/src/arduinobot_controller/src/arduinobot_interface.cpp:1:10:[m[K [01;31m[Kfatal error: [m[Karduinobot_controller/include/arduinobot_interface.hpp: No such file or directory
[2.573s]     1 | #include [01;31m[K"arduinobot_controller/include/arduinobot_interface.hpp"[m[K
[2.573s]       |          [01;31m[K^~~~~~~~~~~~~~~~~~~~~~~~~~~~~~~~~~~~~~~~~~~~~~~~~~~~~~~~[m[K
[2.573s] compilation terminated.
[2.574s] gmake[2]: *** [CMakeFiles/arduinobot_controller.dir/build.make:76: CMakeFiles/arduinobot_controller.dir/src/arduinobot_interface.cpp.o] Error 1
[2.575s] gmake[1]: *** [CMakeFiles/Makefile2:137: CMakeFiles/arduinobot_controller.dir/all] Error 2
[2.575s] gmake: *** [Makefile:146: all] Error 2
[2.579s] Invoked command in '/home/pbk/arduinobot_ws/build/arduinobot_controller' returned '2': CMAKE_PREFIX_PATH=${CMAKE_PREFIX_PATH}:/home/pbk/arduinobot_ws/install/arduinobot_py_examples:/opt/ros/humble /usr/bin/cmake --build /home/pbk/arduinobot_ws/build/arduinobot_controller -- -j20 -l20
